CRITICAL - 2024-08-22 08:30:06 --> Error: Call to undefined method App\Controllers\Auth::respondCreated()
[Method: POST, Route: register]
in APPPATH\Controllers\Auth.php on line 19.
 1 SYSTEMPATH\CodeIgniter.php(933): App\Controllers\Auth->register()
 2 SYSTEMPATH\CodeIgniter.php(509): CodeIgniter\CodeIgniter->runController(Object(App\Controllers\Auth))
 3 SYSTEMPATH\CodeIgniter.php(355): CodeIgniter\CodeIgniter->handleRequest(null, Object(Config\Cache), false)
 4 SYSTEMPATH\Boot.php(325): CodeIgniter\CodeIgniter->run()
 5 SYSTEMPATH\Boot.php(67): CodeIgniter\Boot::runCodeIgniter(Object(CodeIgniter\CodeIgniter))
 6 FCPATH\index.php(56): CodeIgniter\Boot::bootWeb(Object(Config\Paths))
 7 SYSTEMPATH\rewrite.php(44): require_once('C:\\xampp\\htdocs\\boardio-backend\\public\\index.php')
CRITICAL - 2024-08-22 08:30:24 --> Error: Call to undefined method App\Controllers\Auth::respond()
[Method: POST, Route: login]
in APPPATH\Controllers\Auth.php on line 39.
 1 SYSTEMPATH\CodeIgniter.php(933): App\Controllers\Auth->login()
 2 SYSTEMPATH\CodeIgniter.php(509): CodeIgniter\CodeIgniter->runController(Object(App\Controllers\Auth))
 3 SYSTEMPATH\CodeIgniter.php(355): CodeIgniter\CodeIgniter->handleRequest(null, Object(Config\Cache), false)
 4 SYSTEMPATH\Boot.php(325): CodeIgniter\CodeIgniter->run()
 5 SYSTEMPATH\Boot.php(67): CodeIgniter\Boot::runCodeIgniter(Object(CodeIgniter\CodeIgniter))
 6 FCPATH\index.php(56): CodeIgniter\Boot::bootWeb(Object(Config\Paths))
 7 SYSTEMPATH\rewrite.php(44): require_once('C:\\xampp\\htdocs\\boardio-backend\\public\\index.php')
CRITICAL - 2024-08-22 08:59:11 --> CodeIgniter\Database\Exceptions\DatabaseException: Deletes are not allowed unless they contain a "where" or "like" clause.
[Method: DELETE, Route: board/1]
in SYSTEMPATH\Model.php on line 505.
 1 SYSTEMPATH\BaseModel.php(1158): CodeIgniter\Model->doDelete(null, false)
 2 APPPATH\Controllers\Board.php(48): CodeIgniter\BaseModel->delete(null)
 3 SYSTEMPATH\CodeIgniter.php(933): App\Controllers\Board->delete('1')
 4 SYSTEMPATH\CodeIgniter.php(509): CodeIgniter\CodeIgniter->runController(Object(App\Controllers\Board))
 5 SYSTEMPATH\CodeIgniter.php(355): CodeIgniter\CodeIgniter->handleRequest(null, Object(Config\Cache), false)
 6 SYSTEMPATH\Boot.php(325): CodeIgniter\CodeIgniter->run()
 7 SYSTEMPATH\Boot.php(67): CodeIgniter\Boot::runCodeIgniter(Object(CodeIgniter\CodeIgniter))
 8 FCPATH\index.php(56): CodeIgniter\Boot::bootWeb(Object(Config\Paths))
 9 SYSTEMPATH\rewrite.php(44): require_once('C:\\xampp\\htdocs\\boardio-backend\\public\\index.php')
CRITICAL - 2024-08-22 08:59:28 --> ErrorException: Declaration of App\Controllers\Board::delete($id) must be compatible with CodeIgniter\RESTful\ResourceController::delete($id = null)
[Method: DELETE, Route: board/1]
in APPPATH\Controllers\Board.php on line 41.
 1 [internal function]: CodeIgniter\Debug\Exceptions->shutdownHandler()
CRITICAL - 2024-08-22 09:01:30 --> ErrorException: Declaration of App\Controllers\Board::delete($id) must be compatible with CodeIgniter\RESTful\ResourceController::delete($id = null)
[Method: DELETE, Route: board/1]
in APPPATH\Controllers\Board.php on line 41.
 1 [internal function]: CodeIgniter\Debug\Exceptions->shutdownHandler()
CRITICAL - 2024-08-22 09:01:37 --> ErrorException: Declaration of App\Controllers\Board::delete($id) must be compatible with CodeIgniter\RESTful\ResourceController::delete($id = null)
[Method: DELETE, Route: board/1]
in APPPATH\Controllers\Board.php on line 41.
 1 [internal function]: CodeIgniter\Debug\Exceptions->shutdownHandler()
CRITICAL - 2024-08-22 09:02:27 --> ErrorException: Declaration of App\Controllers\Board::delete($id) must be compatible with CodeIgniter\RESTful\ResourceController::delete($id = null)
[Method: DELETE, Route: board/1]
in APPPATH\Controllers\Board.php on line 41.
 1 [internal function]: CodeIgniter\Debug\Exceptions->shutdownHandler()
CRITICAL - 2024-08-22 09:02:29 --> ErrorException: Declaration of App\Controllers\Board::delete($id) must be compatible with CodeIgniter\RESTful\ResourceController::delete($id = null)
[Method: DELETE, Route: board/1]
in APPPATH\Controllers\Board.php on line 41.
 1 [internal function]: CodeIgniter\Debug\Exceptions->shutdownHandler()
CRITICAL - 2024-08-22 09:02:36 --> ErrorException: Declaration of App\Controllers\Board::delete($id) must be compatible with CodeIgniter\RESTful\ResourceController::delete($id = null)
[Method: DELETE, Route: board/1]
in APPPATH\Controllers\Board.php on line 41.
 1 [internal function]: CodeIgniter\Debug\Exceptions->shutdownHandler()
CRITICAL - 2024-08-22 09:02:57 --> ErrorException: Declaration of App\Controllers\Board::delete($id) must be compatible with CodeIgniter\RESTful\ResourceController::delete($id = null)
[Method: DELETE, Route: board/1]
in APPPATH\Controllers\Board.php on line 41.
 1 [internal function]: CodeIgniter\Debug\Exceptions->shutdownHandler()
CRITICAL - 2024-08-22 09:02:58 --> ErrorException: Declaration of App\Controllers\Board::delete($id) must be compatible with CodeIgniter\RESTful\ResourceController::delete($id = null)
[Method: DELETE, Route: board/1]
in APPPATH\Controllers\Board.php on line 41.
 1 [internal function]: CodeIgniter\Debug\Exceptions->shutdownHandler()
CRITICAL - 2024-08-22 09:02:59 --> ErrorException: Declaration of App\Controllers\Board::delete($id) must be compatible with CodeIgniter\RESTful\ResourceController::delete($id = null)
[Method: DELETE, Route: board/1]
in APPPATH\Controllers\Board.php on line 41.
 1 [internal function]: CodeIgniter\Debug\Exceptions->shutdownHandler()
CRITICAL - 2024-08-22 09:02:59 --> ErrorException: Declaration of App\Controllers\Board::delete($id) must be compatible with CodeIgniter\RESTful\ResourceController::delete($id = null)
[Method: DELETE, Route: board/1]
in APPPATH\Controllers\Board.php on line 41.
 1 [internal function]: CodeIgniter\Debug\Exceptions->shutdownHandler()
CRITICAL - 2024-08-22 09:02:59 --> ErrorException: Declaration of App\Controllers\Board::delete($id) must be compatible with CodeIgniter\RESTful\ResourceController::delete($id = null)
[Method: DELETE, Route: board/1]
in APPPATH\Controllers\Board.php on line 41.
 1 [internal function]: CodeIgniter\Debug\Exceptions->shutdownHandler()
CRITICAL - 2024-08-22 09:02:59 --> ErrorException: Declaration of App\Controllers\Board::delete($id) must be compatible with CodeIgniter\RESTful\ResourceController::delete($id = null)
[Method: DELETE, Route: board/1]
in APPPATH\Controllers\Board.php on line 41.
 1 [internal function]: CodeIgniter\Debug\Exceptions->shutdownHandler()
CRITICAL - 2024-08-22 09:03:05 --> ErrorException: Declaration of App\Controllers\Board::delete($id) must be compatible with CodeIgniter\RESTful\ResourceController::delete($id = null)
[Method: DELETE, Route: board/1]
in APPPATH\Controllers\Board.php on line 41.
 1 [internal function]: CodeIgniter\Debug\Exceptions->shutdownHandler()
CRITICAL - 2024-08-22 09:03:08 --> ErrorException: Declaration of App\Controllers\Board::delete($id) must be compatible with CodeIgniter\RESTful\ResourceController::delete($id = null)
[Method: GET, Route: board/1]
in APPPATH\Controllers\Board.php on line 41.
 1 [internal function]: CodeIgniter\Debug\Exceptions->shutdownHandler()
CRITICAL - 2024-08-22 09:03:11 --> ErrorException: Declaration of App\Controllers\Board::delete($id) must be compatible with CodeIgniter\RESTful\ResourceController::delete($id = null)
[Method: DELETE, Route: board/1]
in APPPATH\Controllers\Board.php on line 41.
 1 [internal function]: CodeIgniter\Debug\Exceptions->shutdownHandler()
CRITICAL - 2024-08-22 09:05:14 --> ErrorException: Declaration of App\Controllers\Board::delete($id) must be compatible with CodeIgniter\RESTful\ResourceController::delete($id = null)
[Method: DELETE, Route: board/1]
in APPPATH\Controllers\Board.php on line 41.
 1 [internal function]: CodeIgniter\Debug\Exceptions->shutdownHandler()
CRITICAL - 2024-08-22 11:59:43 --> Error: Call to a member function isValid() on null
[Method: POST, Route: attachment]
in APPPATH\Controllers\Attachment.php on line 25.
 1 SYSTEMPATH\CodeIgniter.php(933): App\Controllers\Attachment->create()
 2 SYSTEMPATH\CodeIgniter.php(509): CodeIgniter\CodeIgniter->runController(Object(App\Controllers\Attachment))
 3 SYSTEMPATH\CodeIgniter.php(355): CodeIgniter\CodeIgniter->handleRequest(null, Object(Config\Cache), false)
 4 SYSTEMPATH\Boot.php(325): CodeIgniter\CodeIgniter->run()
 5 SYSTEMPATH\Boot.php(67): CodeIgniter\Boot::runCodeIgniter(Object(CodeIgniter\CodeIgniter))
 6 FCPATH\index.php(56): CodeIgniter\Boot::bootWeb(Object(Config\Paths))
 7 SYSTEMPATH\rewrite.php(44): require_once('C:\\xampp\\htdocs\\boardio-backend\\public\\index.php')
CRITICAL - 2024-08-22 12:00:00 --> Error: Call to a member function isValid() on null
[Method: POST, Route: attachment]
in APPPATH\Controllers\Attachment.php on line 25.
 1 SYSTEMPATH\CodeIgniter.php(933): App\Controllers\Attachment->create()
 2 SYSTEMPATH\CodeIgniter.php(509): CodeIgniter\CodeIgniter->runController(Object(App\Controllers\Attachment))
 3 SYSTEMPATH\CodeIgniter.php(355): CodeIgniter\CodeIgniter->handleRequest(null, Object(Config\Cache), false)
 4 SYSTEMPATH\Boot.php(325): CodeIgniter\CodeIgniter->run()
 5 SYSTEMPATH\Boot.php(67): CodeIgniter\Boot::runCodeIgniter(Object(CodeIgniter\CodeIgniter))
 6 FCPATH\index.php(56): CodeIgniter\Boot::bootWeb(Object(Config\Paths))
 7 SYSTEMPATH\rewrite.php(44): require_once('C:\\xampp\\htdocs\\boardio-backend\\public\\index.php')
