ERROR - 2024-08-27 11:19:15 --> mysqli_sql_exception: Cannot add or update a child row: a foreign key constraint fails (`boardio`.`payrolls`, CONSTRAINT `payrolls_ibfk_1` FOREIGN KEY (`employee_id`) REFERENCES `employees` (`id`)) in C:\xampp\htdocs\boardio-backend\vendor\codeigniter4\framework\system\Database\MySQLi\Connection.php:312
Stack trace:
#0 C:\xampp\htdocs\boardio-backend\vendor\codeigniter4\framework\system\Database\MySQLi\Connection.php(312): mysqli->query('INSERT INTO `pa...', 0)
#1 C:\xampp\htdocs\boardio-backend\vendor\codeigniter4\framework\system\Database\BaseConnection.php(734): CodeIgniter\Database\MySQLi\Connection->execute('INSERT INTO `pa...')
#2 C:\xampp\htdocs\boardio-backend\vendor\codeigniter4\framework\system\Database\BaseConnection.php(648): CodeIgniter\Database\BaseConnection->simpleQuery('INSERT INTO `pa...')
#3 C:\xampp\htdocs\boardio-backend\vendor\codeigniter4\framework\system\Database\BaseBuilder.php(2340): CodeIgniter\Database\BaseConnection->query('INSERT INTO `pa...', Array, false)
#4 C:\xampp\htdocs\boardio-backend\vendor\codeigniter4\framework\system\Model.php(394): CodeIgniter\Database\BaseBuilder->insert()
#5 C:\xampp\htdocs\boardio-backend\vendor\codeigniter4\framework\system\BaseModel.php(840): CodeIgniter\Model->doInsert(Array)
#6 C:\xampp\htdocs\boardio-backend\vendor\codeigniter4\framework\system\Model.php(802): CodeIgniter\BaseModel->insert(Array, false)
#7 C:\xampp\htdocs\boardio-backend\vendor\codeigniter4\framework\system\BaseModel.php(751): CodeIgniter\Model->insert(Array, false)
#8 C:\xampp\htdocs\boardio-backend\app\Controllers\Payroll.php(33): CodeIgniter\BaseModel->save(Array)
#9 C:\xampp\htdocs\boardio-backend\vendor\codeigniter4\framework\system\CodeIgniter.php(933): App\Controllers\Payroll->create()
#10 C:\xampp\htdocs\boardio-backend\vendor\codeigniter4\framework\system\CodeIgniter.php(509): CodeIgniter\CodeIgniter->runController(Object(App\Controllers\Payroll))
#11 C:\xampp\htdocs\boardio-backend\vendor\codeigniter4\framework\system\CodeIgniter.php(355): CodeIgniter\CodeIgniter->handleRequest(NULL, Object(Config\Cache), false)
#12 C:\xampp\htdocs\boardio-backend\vendor\codeigniter4\framework\system\Boot.php(325): CodeIgniter\CodeIgniter->run()
#13 C:\xampp\htdocs\boardio-backend\vendor\codeigniter4\framework\system\Boot.php(67): CodeIgniter\Boot::runCodeIgniter(Object(CodeIgniter\CodeIgniter))
#14 C:\xampp\htdocs\boardio-backend\public\index.php(56): CodeIgniter\Boot::bootWeb(Object(Config\Paths))
#15 C:\xampp\htdocs\boardio-backend\vendor\codeigniter4\framework\system\rewrite.php(44): require_once('C:\\xampp\\htdocs...')
#16 {main}
CRITICAL - 2024-08-27 11:19:15 --> CodeIgniter\Database\Exceptions\DatabaseException: Cannot add or update a child row: a foreign key constraint fails (`boardio`.`payrolls`, CONSTRAINT `payrolls_ibfk_1` FOREIGN KEY (`employee_id`) REFERENCES `employees` (`id`))
[Method: POST, Route: payroll]
in SYSTEMPATH\Database\BaseConnection.php on line 688.
 1 SYSTEMPATH\Database\BaseBuilder.php(2340): CodeIgniter\Database\BaseConnection->query('INSERT INTO `payrolls` (`employee_id`, `salary`, `bonus`, `deductions`, `month`, `year`, `status`, `created_at`, `updated_at`) VALUES (:employee_id:, :salary:, :bonus:, :deductions:, :month:, :year:, :status:, :created_at:, :updated_at:)', [...], false)
 2 SYSTEMPATH\Model.php(394): CodeIgniter\Database\BaseBuilder->insert()
 3 SYSTEMPATH\BaseModel.php(840): CodeIgniter\Model->doInsert([...])
 4 SYSTEMPATH\Model.php(802): CodeIgniter\BaseModel->insert([...], false)
 5 SYSTEMPATH\BaseModel.php(751): CodeIgniter\Model->insert([...], false)
 6 APPPATH\Controllers\Payroll.php(33): CodeIgniter\BaseModel->save([...])
 7 SYSTEMPATH\CodeIgniter.php(933): App\Controllers\Payroll->create()
 8 SYSTEMPATH\CodeIgniter.php(509): CodeIgniter\CodeIgniter->runController(Object(App\Controllers\Payroll))
 9 SYSTEMPATH\CodeIgniter.php(355): CodeIgniter\CodeIgniter->handleRequest(null, Object(Config\Cache), false)
10 SYSTEMPATH\Boot.php(325): CodeIgniter\CodeIgniter->run()
11 SYSTEMPATH\Boot.php(67): CodeIgniter\Boot::runCodeIgniter(Object(CodeIgniter\CodeIgniter))
12 FCPATH\index.php(56): CodeIgniter\Boot::bootWeb(Object(Config\Paths))
13 SYSTEMPATH\rewrite.php(44): require_once('C:\\xampp\\htdocs\\boardio-backend\\public\\index.php')
CRITICAL - 2024-08-27 11:19:15 --> [Caused by] CodeIgniter\Database\Exceptions\DatabaseException: Cannot add or update a child row: a foreign key constraint fails (`boardio`.`payrolls`, CONSTRAINT `payrolls_ibfk_1` FOREIGN KEY (`employee_id`) REFERENCES `employees` (`id`))
in SYSTEMPATH\Database\MySQLi\Connection.php on line 317.
 1 SYSTEMPATH\Database\BaseConnection.php(734): CodeIgniter\Database\MySQLi\Connection->execute('INSERT INTO `payrolls` (`employee_id`, `salary`, `bonus`, `deductions`, `month`, `year`, `status`, `created_at`, `updated_at`) VALUES (\'7\', \'110000\', \'30000\', \'10000\', \'august\', \'2024\', \'recieved\', \'2024-08-27 11:19:15\', \'2024-08-27 11:19:15\')')
 2 SYSTEMPATH\Database\BaseConnection.php(648): CodeIgniter\Database\BaseConnection->simpleQuery('INSERT INTO `payrolls` (`employee_id`, `salary`, `bonus`, `deductions`, `month`, `year`, `status`, `created_at`, `updated_at`) VALUES (\'7\', \'110000\', \'30000\', \'10000\', \'august\', \'2024\', \'recieved\', \'2024-08-27 11:19:15\', \'2024-08-27 11:19:15\')')
 3 SYSTEMPATH\Database\BaseBuilder.php(2340): CodeIgniter\Database\BaseConnection->query('INSERT INTO `payrolls` (`employee_id`, `salary`, `bonus`, `deductions`, `month`, `year`, `status`, `created_at`, `updated_at`) VALUES (:employee_id:, :salary:, :bonus:, :deductions:, :month:, :year:, :status:, :created_at:, :updated_at:)', [...], false)
 4 SYSTEMPATH\Model.php(394): CodeIgniter\Database\BaseBuilder->insert()
 5 SYSTEMPATH\BaseModel.php(840): CodeIgniter\Model->doInsert([...])
 6 SYSTEMPATH\Model.php(802): CodeIgniter\BaseModel->insert([...], false)
 7 SYSTEMPATH\BaseModel.php(751): CodeIgniter\Model->insert([...], false)
 8 APPPATH\Controllers\Payroll.php(33): CodeIgniter\BaseModel->save([...])
 9 SYSTEMPATH\CodeIgniter.php(933): App\Controllers\Payroll->create()
10 SYSTEMPATH\CodeIgniter.php(509): CodeIgniter\CodeIgniter->runController(Object(App\Controllers\Payroll))
11 SYSTEMPATH\CodeIgniter.php(355): CodeIgniter\CodeIgniter->handleRequest(null, Object(Config\Cache), false)
12 SYSTEMPATH\Boot.php(325): CodeIgniter\CodeIgniter->run()
13 SYSTEMPATH\Boot.php(67): CodeIgniter\Boot::runCodeIgniter(Object(CodeIgniter\CodeIgniter))
14 FCPATH\index.php(56): CodeIgniter\Boot::bootWeb(Object(Config\Paths))
15 SYSTEMPATH\rewrite.php(44): require_once('C:\\xampp\\htdocs\\boardio-backend\\public\\index.php')
CRITICAL - 2024-08-27 11:19:15 --> [Caused by] mysqli_sql_exception: Cannot add or update a child row: a foreign key constraint fails (`boardio`.`payrolls`, CONSTRAINT `payrolls_ibfk_1` FOREIGN KEY (`employee_id`) REFERENCES `employees` (`id`))
in SYSTEMPATH\Database\MySQLi\Connection.php on line 312.
 1 SYSTEMPATH\Database\MySQLi\Connection.php(312): mysqli->query('INSERT INTO `payrolls` (`employee_id`, `salary`, `bonus`, `deductions`, `month`, `year`, `status`, `created_at`, `updated_at`) VALUES (\'7\', \'110000\', \'30000\', \'10000\', \'august\', \'2024\', \'recieved\', \'2024-08-27 11:19:15\', \'2024-08-27 11:19:15\')', 0)
 2 SYSTEMPATH\Database\BaseConnection.php(734): CodeIgniter\Database\MySQLi\Connection->execute('INSERT INTO `payrolls` (`employee_id`, `salary`, `bonus`, `deductions`, `month`, `year`, `status`, `created_at`, `updated_at`) VALUES (\'7\', \'110000\', \'30000\', \'10000\', \'august\', \'2024\', \'recieved\', \'2024-08-27 11:19:15\', \'2024-08-27 11:19:15\')')
 3 SYSTEMPATH\Database\BaseConnection.php(648): CodeIgniter\Database\BaseConnection->simpleQuery('INSERT INTO `payrolls` (`employee_id`, `salary`, `bonus`, `deductions`, `month`, `year`, `status`, `created_at`, `updated_at`) VALUES (\'7\', \'110000\', \'30000\', \'10000\', \'august\', \'2024\', \'recieved\', \'2024-08-27 11:19:15\', \'2024-08-27 11:19:15\')')
 4 SYSTEMPATH\Database\BaseBuilder.php(2340): CodeIgniter\Database\BaseConnection->query('INSERT INTO `payrolls` (`employee_id`, `salary`, `bonus`, `deductions`, `month`, `year`, `status`, `created_at`, `updated_at`) VALUES (:employee_id:, :salary:, :bonus:, :deductions:, :month:, :year:, :status:, :created_at:, :updated_at:)', [...], false)
 5 SYSTEMPATH\Model.php(394): CodeIgniter\Database\BaseBuilder->insert()
 6 SYSTEMPATH\BaseModel.php(840): CodeIgniter\Model->doInsert([...])
 7 SYSTEMPATH\Model.php(802): CodeIgniter\BaseModel->insert([...], false)
 8 SYSTEMPATH\BaseModel.php(751): CodeIgniter\Model->insert([...], false)
 9 APPPATH\Controllers\Payroll.php(33): CodeIgniter\BaseModel->save([...])
10 SYSTEMPATH\CodeIgniter.php(933): App\Controllers\Payroll->create()
11 SYSTEMPATH\CodeIgniter.php(509): CodeIgniter\CodeIgniter->runController(Object(App\Controllers\Payroll))
12 SYSTEMPATH\CodeIgniter.php(355): CodeIgniter\CodeIgniter->handleRequest(null, Object(Config\Cache), false)
13 SYSTEMPATH\Boot.php(325): CodeIgniter\CodeIgniter->run()
14 SYSTEMPATH\Boot.php(67): CodeIgniter\Boot::runCodeIgniter(Object(CodeIgniter\CodeIgniter))
15 FCPATH\index.php(56): CodeIgniter\Boot::bootWeb(Object(Config\Paths))
16 SYSTEMPATH\rewrite.php(44): require_once('C:\\xampp\\htdocs\\boardio-backend\\public\\index.php')
