CRITICAL - 2024-08-29 11:37:26 --> ErrorException: Trying to access array offset on value of type null
[Method: GET, Route: selfservice/dashboard/1]
in APPPATH\Controllers\SelfServicePortal.php on line 19.
 1 APPPATH\Controllers\SelfServicePortal.php(19): CodeIgniter\Debug\Exceptions->errorHandler(2, 'Trying to access array offset on value of type null', 'C:\\xampp\\htdocs\\boardio-backend\\app\\Controllers\\SelfServicePortal.php', 19)
 2 SYSTEMPATH\CodeIgniter.php(933): App\Controllers\SelfServicePortal->getDashboard('1')
 3 SYSTEMPATH\CodeIgniter.php(509): CodeIgniter\CodeIgniter->runController(Object(App\Controllers\SelfServicePortal))
 4 SYSTEMPATH\CodeIgniter.php(355): CodeIgniter\CodeIgniter->handleRequest(null, Object(Config\Cache), false)
 5 SYSTEMPATH\Boot.php(325): CodeIgniter\CodeIgniter->run()
 6 SYSTEMPATH\Boot.php(67): CodeIgniter\Boot::runCodeIgniter(Object(CodeIgniter\CodeIgniter))
 7 FCPATH\index.php(56): CodeIgniter\Boot::bootWeb(Object(Config\Paths))
 8 SYSTEMPATH\rewrite.php(44): require_once('C:\\xampp\\htdocs\\boardio-backend\\public\\index.php')
CRITICAL - 2024-08-29 11:39:00 --> ErrorException: Trying to access array offset on value of type null
[Method: GET, Route: selfservice/dashboard/1]
in APPPATH\Controllers\SelfServicePortal.php on line 19.
 1 APPPATH\Controllers\SelfServicePortal.php(19): CodeIgniter\Debug\Exceptions->errorHandler(2, 'Trying to access array offset on value of type null', 'C:\\xampp\\htdocs\\boardio-backend\\app\\Controllers\\SelfServicePortal.php', 19)
 2 SYSTEMPATH\CodeIgniter.php(933): App\Controllers\SelfServicePortal->getDashboard('1')
 3 SYSTEMPATH\CodeIgniter.php(509): CodeIgniter\CodeIgniter->runController(Object(App\Controllers\SelfServicePortal))
 4 SYSTEMPATH\CodeIgniter.php(355): CodeIgniter\CodeIgniter->handleRequest(null, Object(Config\Cache), false)
 5 SYSTEMPATH\Boot.php(325): CodeIgniter\CodeIgniter->run()
 6 SYSTEMPATH\Boot.php(67): CodeIgniter\Boot::runCodeIgniter(Object(CodeIgniter\CodeIgniter))
 7 FCPATH\index.php(56): CodeIgniter\Boot::bootWeb(Object(Config\Paths))
 8 SYSTEMPATH\rewrite.php(44): require_once('C:\\xampp\\htdocs\\boardio-backend\\public\\index.php')
CRITICAL - 2024-08-29 11:44:42 --> ErrorException: Trying to access array offset on value of type null
[Method: GET, Route: selfservice/dashboard/1]
in APPPATH\Controllers\SelfServicePortal.php on line 19.
 1 APPPATH\Controllers\SelfServicePortal.php(19): CodeIgniter\Debug\Exceptions->errorHandler(2, 'Trying to access array offset on value of type null', 'C:\\xampp\\htdocs\\boardio-backend\\app\\Controllers\\SelfServicePortal.php', 19)
 2 SYSTEMPATH\CodeIgniter.php(933): App\Controllers\SelfServicePortal->getDashboard('1')
 3 SYSTEMPATH\CodeIgniter.php(509): CodeIgniter\CodeIgniter->runController(Object(App\Controllers\SelfServicePortal))
 4 SYSTEMPATH\CodeIgniter.php(355): CodeIgniter\CodeIgniter->handleRequest(null, Object(Config\Cache), false)
 5 SYSTEMPATH\Boot.php(325): CodeIgniter\CodeIgniter->run()
 6 SYSTEMPATH\Boot.php(67): CodeIgniter\Boot::runCodeIgniter(Object(CodeIgniter\CodeIgniter))
 7 FCPATH\index.php(56): CodeIgniter\Boot::bootWeb(Object(Config\Paths))
 8 SYSTEMPATH\rewrite.php(44): require_once('C:\\xampp\\htdocs\\boardio-backend\\public\\index.php')
